This is pdfTeX, Version 3.141592653-2.6-1.40.24 (MiKTeX 22.3) (preloaded format=pdflatex 2022.4.22)  19 AUG 2022 17:49
entering extended mode
 restricted \write18 enabled.
 file:line:error style messages enabled.
 %&-line parsing enabled.
**"d:/Data/_PROGETTI/PRJ_SYNTH_MODULES/FG-VCO/Elaborato Scritto/main.tex"
(d:/Data/_PROGETTI/PRJ_SYNTH_MODULES/FG-VCO/Elaborato Scritto/main.tex
LaTeX2e <2021-11-15> patch level 1
L3 programming layer <2022-04-10> (C:\Users\gotta\AppData\Local\Programs\MiKTeX\tex/latex/base\report.cls
Document Class: report 2021/10/04 v1.4n Standard LaTeX document class
(C:\Users\gotta\AppData\Local\Programs\MiKTeX\tex/latex/base\size12.clo
File: size12.clo 2021/10/04 v1.4n Standard LaTeX file (size option)
)
\c@part=\count185
\c@chapter=\count186
\c@section=\count187
\c@subsection=\count188
\c@subsubsection=\count189
\c@paragraph=\count190
\c@subparagraph=\count191
\c@figure=\count192
\c@table=\count193
\abovecaptionskip=\skip47
\belowcaptionskip=\skip48
\bibindent=\dimen138
) (C:\Users\gotta\AppData\Local\Programs\MiKTeX\tex/latex/siunitx\siunitx.sty
Package: siunitx 2022-07-23 v3.1.5 A comprehensive (SI) units package
\l__siunitx_angle_tmp_dim=\dimen139
\l__siunitx_angle_marker_box=\box50
\l__siunitx_angle_unit_box=\box51
\l__siunitx_compound_count_int=\count194
 (C:\Users\gotta\AppData\Local\Programs\MiKTeX\tex/latex/translations\translations.sty
Package: translations 2022/02/05 v1.12 internationalization of LaTeX2e packages (CN)
 (C:\Users\gotta\AppData\Local\Programs\MiKTeX\tex/latex/etoolbox\etoolbox.sty
Package: etoolbox 2020/10/05 v2.5k e-TeX tools for LaTeX (JAW)
\etb@tempcnta=\count195
) (C:\Users\gotta\AppData\Local\Programs\MiKTeX\tex/generic/pdftexcmds\pdftexcmds.sty
Package: pdftexcmds 2020-06-27 v0.33 Utility functions of pdfTeX for LuaTeX (HO)
 (C:\Users\gotta\AppData\Local\Programs\MiKTeX\tex/generic/infwarerr\infwarerr.sty
Package: infwarerr 2019/12/03 v1.5 Providing info/warning/error messages (HO)
) (C:\Users\gotta\AppData\Local\Programs\MiKTeX\tex/generic/iftex\iftex.sty
Package: iftex 2022/02/03 v1.0f TeX engine tests
) (C:\Users\gotta\AppData\Local\Programs\MiKTeX\tex/generic/ltxcmds\ltxcmds.sty
Package: ltxcmds 2020-05-10 v1.25 LaTeX kernel commands for general use (HO)
)
Package pdftexcmds Info: \pdf@primitive is available.
Package pdftexcmds Info: \pdf@ifprimitive is available.
Package pdftexcmds Info: \pdfdraftmode found.
))
\l__siunitx_number_exponent_fixed_int=\count196
\l__siunitx_number_min_decimal_int=\count197
\l__siunitx_number_min_integer_int=\count198
\l__siunitx_number_round_precision_int=\count199
\l__siunitx_number_group_first_int=\count266
\l__siunitx_number_group_size_int=\count267
\l__siunitx_number_group_minimum_int=\count268
 (C:\Users\gotta\AppData\Local\Programs\MiKTeX\tex/latex/amsmath\amstext.sty
Package: amstext 2021/08/26 v2.01 AMS text
 (C:\Users\gotta\AppData\Local\Programs\MiKTeX\tex/latex/amsmath\amsgen.sty
File: amsgen.sty 1999/11/30 v2.0 generic functions
\@emptytoks=\toks16
\ex@=\dimen140
))
\l__siunitx_table_tmp_box=\box52
\l__siunitx_table_tmp_dim=\dimen141
\l__siunitx_table_column_width_dim=\dimen142
\l__siunitx_table_integer_box=\box53
\l__siunitx_table_decimal_box=\box54
\l__siunitx_table_before_box=\box55
\l__siunitx_table_after_box=\box56
\l__siunitx_table_before_dim=\dimen143
\l__siunitx_table_carry_dim=\dimen144
\l__siunitx_unit_tmp_int=\count269
\l__siunitx_unit_position_int=\count270
\l__siunitx_unit_total_int=\count271
 (C:\Users\gotta\AppData\Local\Programs\MiKTeX\tex/latex/l3packages/l3keys2e\l3keys2e.sty (C:\Users\gotta\AppData\Local\Programs\MiKTeX\tex/latex/l3kernel\expl3.sty
Package: expl3 2022-04-10 L3 programming layer (loader) 
 (C:\Users\gotta\AppData\Local\Programs\MiKTeX\tex/latex/l3backend\l3backend-pdftex.def
File: l3backend-pdftex.def 2022-04-14 L3 backend support: PDF output (pdfTeX)
\l__color_backend_stack_int=\count272
\l__pdf_internal_box=\box57
))
Package: l3keys2e 2022-01-12 LaTeX2e option processing using LaTeX3 keys
) (C:\Users\gotta\AppData\Local\Programs\MiKTeX\tex/latex/tools\array.sty
Package: array 2021/10/04 v2.5f Tabular extension package (FMi)
\col@sep=\dimen145
\ar@mcellbox=\box58
\extrarowheight=\dimen146
\NC@list=\toks17
\extratabsurround=\skip49
\backup@length=\skip50
\ar@cellbox=\box59
)) (C:\Users\gotta\AppData\Local\Programs\MiKTeX\tex/latex/amsmath\amsmath.sty
Package: amsmath 2021/10/15 v2.17l AMS math features
\@mathmargin=\skip51

For additional information on amsmath, use the `?' option.
(C:\Users\gotta\AppData\Local\Programs\MiKTeX\tex/latex/amsmath\amsbsy.sty
Package: amsbsy 1999/11/29 v1.2d Bold Symbols
\pmbraise@=\dimen147
) (C:\Users\gotta\AppData\Local\Programs\MiKTeX\tex/latex/amsmath\amsopn.sty
Package: amsopn 2021/08/26 v2.02 operator names
)
\inf@bad=\count273
LaTeX Info: Redefining \frac on input line 234.
\uproot@=\count274
\leftroot@=\count275
LaTeX Info: Redefining \overline on input line 399.
\classnum@=\count276
\DOTSCASE@=\count277
LaTeX Info: Redefining \ldots on input line 496.
LaTeX Info: Redefining \dots on input line 499.
LaTeX Info: Redefining \cdots on input line 620.
\Mathstrutbox@=\box60
\strutbox@=\box61
\big@size=\dimen148
LaTeX Font Info:    Redeclaring font encoding OML on input line 743.
LaTeX Font Info:    Redeclaring font encoding OMS on input line 744.
\macc@depth=\count278
\c@MaxMatrixCols=\count279
\dotsspace@=\muskip16
\c@parentequation=\count280
\dspbrk@lvl=\count281
\tag@help=\toks18
\row@=\count282
\column@=\count283
\maxfields@=\count284
\andhelp@=\toks19
\eqnshift@=\dimen149
\alignsep@=\dimen150
\tagshift@=\dimen151
\tagwidth@=\dimen152
\totwidth@=\dimen153
\lineht@=\dimen154
\@envbody=\toks20
\multlinegap=\skip52
\multlinetaggap=\skip53
\mathdisplay@stack=\toks21
LaTeX Info: Redefining \[ on input line 2938.
LaTeX Info: Redefining \] on input line 2939.
) (C:\Users\gotta\AppData\Local\Programs\MiKTeX\tex/latex/titlesec\titlesec.sty
Package: titlesec 2021/07/05 v2.14 Sectioning titles
\ttl@box=\box62
\beforetitleunit=\skip54
\aftertitleunit=\skip55
\ttl@plus=\dimen155
\ttl@minus=\dimen156
\ttl@toksa=\toks22
\titlewidth=\dimen157
\titlewidthlast=\dimen158
\titlewidthfirst=\dimen159
) (C:\Users\gotta\AppData\Local\Programs\MiKTeX\tex/latex/pdfpages\pdfpages.sty
Package: pdfpages 2022/05/22 v0.5v Insert pages of external PDF documents (AM)
 (C:\Users\gotta\AppData\Local\Programs\MiKTeX\tex/latex/base\ifthen.sty
Package: ifthen 2020/11/24 v1.1c Standard LaTeX ifthen package (DPC)
) (C:\Users\gotta\AppData\Local\Programs\MiKTeX\tex/latex/tools\calc.sty
Package: calc 2017/05/25 v4.3 Infix arithmetic (KKT,FJ)
\calc@Acount=\count285
\calc@Bcount=\count286
\calc@Adimen=\dimen160
\calc@Bdimen=\dimen161
\calc@Askip=\skip56
\calc@Bskip=\skip57
LaTeX Info: Redefining \setlength on input line 80.
LaTeX Info: Redefining \addtolength on input line 81.
\calc@Ccount=\count287
\calc@Cskip=\skip58
) (C:\Users\gotta\AppData\Local\Programs\MiKTeX\tex/latex/eso-pic\eso-pic.sty
Package: eso-pic 2020/10/14 v3.0a eso-pic (RN)
\ESO@tempdima=\dimen162
\ESO@tempdimb=\dimen163
 (C:\Users\gotta\AppData\Local\Programs\MiKTeX\tex/latex/graphics\keyval.sty
Package: keyval 2014/10/28 v1.15 key=value parser (DPC)
\KV@toks@=\toks23
) (C:\Users\gotta\AppData\Local\Programs\MiKTeX\tex/latex/xcolor\xcolor.sty
Package: xcolor 2021/10/31 v2.13 LaTeX color extensions (UK)
 (C:\Users\gotta\AppData\Local\Programs\MiKTeX\tex/latex/graphics-cfg\color.cfg
File: color.cfg 2016/01/02 v1.6 sample color configuration
)
Package xcolor Info: Driver file: pdftex.def on input line 227.
 (C:\Users\gotta\AppData\Local\Programs\MiKTeX\tex/latex/graphics-def\pdftex.def
File: pdftex.def 2020/10/05 v1.2a Graphics/color driver for pdftex
)
Package xcolor Info: Model `cmy' substituted by `cmy0' on input line 1352.
Package xcolor Info: Model `hsb' substituted by `rgb' on input line 1356.
Package xcolor Info: Model `RGB' extended on input line 1368.
Package xcolor Info: Model `HTML' substituted by `rgb' on input line 1370.
Package xcolor Info: Model `Hsb' substituted by `hsb' on input line 1371.
Package xcolor Info: Model `tHsb' substituted by `hsb' on input line 1372.
Package xcolor Info: Model `HSB' substituted by `hsb' on input line 1373.
Package xcolor Info: Model `Gray' substituted by `gray' on input line 1374.
Package xcolor Info: Model `wave' substituted by `hsb' on input line 1375.
)) (C:\Users\gotta\AppData\Local\Programs\MiKTeX\tex/latex/graphics\graphicx.sty
Package: graphicx 2021/09/16 v1.2d Enhanced LaTeX Graphics (DPC,SPQR)
 (C:\Users\gotta\AppData\Local\Programs\MiKTeX\tex/latex/graphics\graphics.sty
Package: graphics 2021/03/04 v1.4d Standard LaTeX Graphics (DPC,SPQR)
 (C:\Users\gotta\AppData\Local\Programs\MiKTeX\tex/latex/graphics\trig.sty
Package: trig 2021/08/11 v1.11 sin cos tan (DPC)
) (C:\Users\gotta\AppData\Local\Programs\MiKTeX\tex/latex/graphics-cfg\graphics.cfg
File: graphics.cfg 2016/06/04 v1.11 sample graphics configuration
)
Package graphics Info: Driver file: pdftex.def on input line 107.
)
\Gin@req@height=\dimen164
\Gin@req@width=\dimen165
)
\AM@pagewidth=\dimen166
\AM@pageheight=\dimen167
\AM@fboxrule=\dimen168
 (C:\Users\gotta\AppData\Local\Programs\MiKTeX\tex/latex/pdfpages\pppdftex.def
File: pppdftex.def 2022/05/22 v0.5v Pdfpages driver for pdfTeX (AM)
)
\pdfpages@includegraphics@status=\count288
\AM@pagebox=\box63
\AM@global@opts=\toks24
\AM@pagecnt=\count289
\AM@toc@title=\toks25
\c@AM@survey=\count290
\AM@templatesizebox=\box64
) (C:\Users\gotta\AppData\Local\Programs\MiKTeX\tex/latex/pgf/frontendlayer\tikz.sty (C:\Users\gotta\AppData\Local\Programs\MiKTeX\tex/latex/pgf/basiclayer\pgf.sty (C:\Users\gotta\AppData\Local\Programs\MiKTeX\tex/latex/pgf/utilities\pgfrcs.sty (C:\Users\gotta\AppData\Local\Programs\MiKTeX\tex/generic/pgf/utilities\pgfutil-common.tex
\pgfutil@everybye=\toks26
\pgfutil@tempdima=\dimen169
\pgfutil@tempdimb=\dimen170
 (C:\Users\gotta\AppData\Local\Programs\MiKTeX\tex/generic/pgf/utilities\pgfutil-common-lists.tex)) (C:\Users\gotta\AppData\Local\Programs\MiKTeX\tex/generic/pgf/utilities\pgfutil-latex.def
\pgfutil@abb=\box65
) (C:\Users\gotta\AppData\Local\Programs\MiKTeX\tex/generic/pgf/utilities\pgfrcs.code.tex (C:\Users\gotta\AppData\Local\Programs\MiKTeX\tex/generic/pgf\pgf.revision.tex)
Package: pgfrcs 2021/05/15 v3.1.9a (3.1.9a)
))
Package: pgf 2021/05/15 v3.1.9a (3.1.9a)
 (C:\Users\gotta\AppData\Local\Programs\MiKTeX\tex/latex/pgf/basiclayer\pgfcore.sty (C:\Users\gotta\AppData\Local\Programs\MiKTeX\tex/latex/pgf/systemlayer\pgfsys.sty (C:\Users\gotta\AppData\Local\Programs\MiKTeX\tex/generic/pgf/systemlayer\pgfsys.code.tex
Package: pgfsys 2021/05/15 v3.1.9a (3.1.9a)
 (C:\Users\gotta\AppData\Local\Programs\MiKTeX\tex/generic/pgf/utilities\pgfkeys.code.tex
\pgfkeys@pathtoks=\toks27
\pgfkeys@temptoks=\toks28
 (C:\Users\gotta\AppData\Local\Programs\MiKTeX\tex/generic/pgf/utilities\pgfkeysfiltered.code.tex
\pgfkeys@tmptoks=\toks29
))
\pgf@x=\dimen171
\pgf@y=\dimen172
\pgf@xa=\dimen173
\pgf@ya=\dimen174
\pgf@xb=\dimen175
\pgf@yb=\dimen176
\pgf@xc=\dimen177
\pgf@yc=\dimen178
\pgf@xd=\dimen179
\pgf@yd=\dimen180
\w@pgf@writea=\write3
\r@pgf@reada=\read2
\c@pgf@counta=\count291
\c@pgf@countb=\count292
\c@pgf@countc=\count293
\c@pgf@countd=\count294
\t@pgf@toka=\toks30
\t@pgf@tokb=\toks31
\t@pgf@tokc=\toks32
\pgf@sys@id@count=\count295
 (C:\Users\gotta\AppData\Local\Programs\MiKTeX\tex/generic/pgf/systemlayer\pgf.cfg
File: pgf.cfg 2021/05/15 v3.1.9a (3.1.9a)
)
Driver file for pgf: pgfsys-pdftex.def
 (C:\Users\gotta\AppData\Local\Programs\MiKTeX\tex/generic/pgf/systemlayer\pgfsys-pdftex.def
File: pgfsys-pdftex.def 2021/05/15 v3.1.9a (3.1.9a)
 (C:\Users\gotta\AppData\Local\Programs\MiKTeX\tex/generic/pgf/systemlayer\pgfsys-common-pdf.def
File: pgfsys-common-pdf.def 2021/05/15 v3.1.9a (3.1.9a)
))) (C:\Users\gotta\AppData\Local\Programs\MiKTeX\tex/generic/pgf/systemlayer\pgfsyssoftpath.code.tex
File: pgfsyssoftpath.code.tex 2021/05/15 v3.1.9a (3.1.9a)
\pgfsyssoftpath@smallbuffer@items=\count296
\pgfsyssoftpath@bigbuffer@items=\count297
) (C:\Users\gotta\AppData\Local\Programs\MiKTeX\tex/generic/pgf/systemlayer\pgfsysprotocol.code.tex
File: pgfsysprotocol.code.tex 2021/05/15 v3.1.9a (3.1.9a)
)) (C:\Users\gotta\AppData\Local\Programs\MiKTeX\tex/generic/pgf/basiclayer\pgfcore.code.tex
Package: pgfcore 2021/05/15 v3.1.9a (3.1.9a)
 (C:\Users\gotta\AppData\Local\Programs\MiKTeX\tex/generic/pgf/math\pgfmath.code.tex (C:\Users\gotta\AppData\Local\Programs\MiKTeX\tex/generic/pgf/math\pgfmathcalc.code.tex (C:\Users\gotta\AppData\Local\Programs\MiKTeX\tex/generic/pgf/math\pgfmathutil.code.tex) (C:\Users\gotta\AppData\Local\Programs\MiKTeX\tex/generic/pgf/math\pgfmathparser.code.tex
\pgfmath@dimen=\dimen181
\pgfmath@count=\count298
\pgfmath@box=\box66
\pgfmath@toks=\toks33
\pgfmath@stack@operand=\toks34
\pgfmath@stack@operation=\toks35
) (C:\Users\gotta\AppData\Local\Programs\MiKTeX\tex/generic/pgf/math\pgfmathfunctions.code.tex (C:\Users\gotta\AppData\Local\Programs\MiKTeX\tex/generic/pgf/math\pgfmathfunctions.basic.code.tex) (C:\Users\gotta\AppData\Local\Programs\MiKTeX\tex/generic/pgf/math\pgfmathfunctions.trigonometric.code.tex) (C:\Users\gotta\AppData\Local\Programs\MiKTeX\tex/generic/pgf/math\pgfmathfunctions.random.code.tex) (C:\Users\gotta\AppData\Local\Programs\MiKTeX\tex/generic/pgf/math\pgfmathfunctions.comparison.code.tex) (C:\Users\gotta\AppData\Local\Programs\MiKTeX\tex/generic/pgf/math\pgfmathfunctions.base.code.tex) (C:\Users\gotta\AppData\Local\Programs\MiKTeX\tex/generic/pgf/math\pgfmathfunctions.round.code.tex) (C:\Users\gotta\AppData\Local\Programs\MiKTeX\tex/generic/pgf/math\pgfmathfunctions.misc.code.tex) (C:\Users\gotta\AppData\Local\Programs\MiKTeX\tex/generic/pgf/math\pgfmathfunctions.integerarithmetics.code.tex))) (C:\Users\gotta\AppData\Local\Programs\MiKTeX\tex/generic/pgf/math\pgfmathfloat.code.tex
\c@pgfmathroundto@lastzeros=\count299
)) (C:\Users\gotta\AppData\Local\Programs\MiKTeX\tex/generic/pgf/math\pgfint.code.tex) (C:\Users\gotta\AppData\Local\Programs\MiKTeX\tex/generic/pgf/basiclayer\pgfcorepoints.code.tex
File: pgfcorepoints.code.tex 2021/05/15 v3.1.9a (3.1.9a)
\pgf@picminx=\dimen182
\pgf@picmaxx=\dimen183
\pgf@picminy=\dimen184
\pgf@picmaxy=\dimen185
\pgf@pathminx=\dimen186
\pgf@pathmaxx=\dimen187
\pgf@pathminy=\dimen188
\pgf@pathmaxy=\dimen189
\pgf@xx=\dimen190
\pgf@xy=\dimen191
\pgf@yx=\dimen192
\pgf@yy=\dimen193
\pgf@zx=\dimen194
\pgf@zy=\dimen195
) (C:\Users\gotta\AppData\Local\Programs\MiKTeX\tex/generic/pgf/basiclayer\pgfcorepathconstruct.code.tex
File: pgfcorepathconstruct.code.tex 2021/05/15 v3.1.9a (3.1.9a)
\pgf@path@lastx=\dimen196
\pgf@path@lasty=\dimen197
) (C:\Users\gotta\AppData\Local\Programs\MiKTeX\tex/generic/pgf/basiclayer\pgfcorepathusage.code.tex
File: pgfcorepathusage.code.tex 2021/05/15 v3.1.9a (3.1.9a)
\pgf@shorten@end@additional=\dimen198
\pgf@shorten@start@additional=\dimen199
) (C:\Users\gotta\AppData\Local\Programs\MiKTeX\tex/generic/pgf/basiclayer\pgfcorescopes.code.tex
File: pgfcorescopes.code.tex 2021/05/15 v3.1.9a (3.1.9a)
\pgfpic=\box67
\pgf@hbox=\box68
\pgf@layerbox@main=\box69
\pgf@picture@serial@count=\count300
) (C:\Users\gotta\AppData\Local\Programs\MiKTeX\tex/generic/pgf/basiclayer\pgfcoregraphicstate.code.tex
File: pgfcoregraphicstate.code.tex 2021/05/15 v3.1.9a (3.1.9a)
\pgflinewidth=\dimen256
) (C:\Users\gotta\AppData\Local\Programs\MiKTeX\tex/generic/pgf/basiclayer\pgfcoretransformations.code.tex
File: pgfcoretransformations.code.tex 2021/05/15 v3.1.9a (3.1.9a)
\pgf@pt@x=\dimen257
\pgf@pt@y=\dimen258
\pgf@pt@temp=\dimen259
) (C:\Users\gotta\AppData\Local\Programs\MiKTeX\tex/generic/pgf/basiclayer\pgfcorequick.code.tex
File: pgfcorequick.code.tex 2021/05/15 v3.1.9a (3.1.9a)
) (C:\Users\gotta\AppData\Local\Programs\MiKTeX\tex/generic/pgf/basiclayer\pgfcoreobjects.code.tex
File: pgfcoreobjects.code.tex 2021/05/15 v3.1.9a (3.1.9a)
) (C:\Users\gotta\AppData\Local\Programs\MiKTeX\tex/generic/pgf/basiclayer\pgfcorepathprocessing.code.tex
File: pgfcorepathprocessing.code.tex 2021/05/15 v3.1.9a (3.1.9a)
) (C:\Users\gotta\AppData\Local\Programs\MiKTeX\tex/generic/pgf/basiclayer\pgfcorearrows.code.tex
File: pgfcorearrows.code.tex 2021/05/15 v3.1.9a (3.1.9a)
\pgfarrowsep=\dimen260
) (C:\Users\gotta\AppData\Local\Programs\MiKTeX\tex/generic/pgf/basiclayer\pgfcoreshade.code.tex
File: pgfcoreshade.code.tex 2021/05/15 v3.1.9a (3.1.9a)
\pgf@max=\dimen261
\pgf@sys@shading@range@num=\count301
\pgf@shadingcount=\count302
) (C:\Users\gotta\AppData\Local\Programs\MiKTeX\tex/generic/pgf/basiclayer\pgfcoreimage.code.tex
File: pgfcoreimage.code.tex 2021/05/15 v3.1.9a (3.1.9a)
 (C:\Users\gotta\AppData\Local\Programs\MiKTeX\tex/generic/pgf/basiclayer\pgfcoreexternal.code.tex
File: pgfcoreexternal.code.tex 2021/05/15 v3.1.9a (3.1.9a)
\pgfexternal@startupbox=\box70
)) (C:\Users\gotta\AppData\Local\Programs\MiKTeX\tex/generic/pgf/basiclayer\pgfcorelayers.code.tex
File: pgfcorelayers.code.tex 2021/05/15 v3.1.9a (3.1.9a)
) (C:\Users\gotta\AppData\Local\Programs\MiKTeX\tex/generic/pgf/basiclayer\pgfcoretransparency.code.tex
File: pgfcoretransparency.code.tex 2021/05/15 v3.1.9a (3.1.9a)
) (C:\Users\gotta\AppData\Local\Programs\MiKTeX\tex/generic/pgf/basiclayer\pgfcorepatterns.code.tex
File: pgfcorepatterns.code.tex 2021/05/15 v3.1.9a (3.1.9a)
) (C:\Users\gotta\AppData\Local\Programs\MiKTeX\tex/generic/pgf/basiclayer\pgfcorerdf.code.tex
File: pgfcorerdf.code.tex 2021/05/15 v3.1.9a (3.1.9a)
))) (C:\Users\gotta\AppData\Local\Programs\MiKTeX\tex/generic/pgf/modules\pgfmoduleshapes.code.tex
File: pgfmoduleshapes.code.tex 2021/05/15 v3.1.9a (3.1.9a)
\pgfnodeparttextbox=\box71
) (C:\Users\gotta\AppData\Local\Programs\MiKTeX\tex/generic/pgf/modules\pgfmoduleplot.code.tex
File: pgfmoduleplot.code.tex 2021/05/15 v3.1.9a (3.1.9a)
) (C:\Users\gotta\AppData\Local\Programs\MiKTeX\tex/latex/pgf/compatibility\pgfcomp-version-0-65.sty
Package: pgfcomp-version-0-65 2021/05/15 v3.1.9a (3.1.9a)
\pgf@nodesepstart=\dimen262
\pgf@nodesepend=\dimen263
) (C:\Users\gotta\AppData\Local\Programs\MiKTeX\tex/latex/pgf/compatibility\pgfcomp-version-1-18.sty
Package: pgfcomp-version-1-18 2021/05/15 v3.1.9a (3.1.9a)
)) (C:\Users\gotta\AppData\Local\Programs\MiKTeX\tex/latex/pgf/utilities\pgffor.sty (C:\Users\gotta\AppData\Local\Programs\MiKTeX\tex/latex/pgf/utilities\pgfkeys.sty (C:\Users\gotta\AppData\Local\Programs\MiKTeX\tex/generic/pgf/utilities\pgfkeys.code.tex)) (C:\Users\gotta\AppData\Local\Programs\MiKTeX\tex/latex/pgf/math\pgfmath.sty (C:\Users\gotta\AppData\Local\Programs\MiKTeX\tex/generic/pgf/math\pgfmath.code.tex)) (C:\Users\gotta\AppData\Local\Programs\MiKTeX\tex/generic/pgf/utilities\pgffor.code.tex
Package: pgffor 2021/05/15 v3.1.9a (3.1.9a)
 (C:\Users\gotta\AppData\Local\Programs\MiKTeX\tex/generic/pgf/math\pgfmath.code.tex)
\pgffor@iter=\dimen264
\pgffor@skip=\dimen265
\pgffor@stack=\toks36
\pgffor@toks=\toks37
)) (C:\Users\gotta\AppData\Local\Programs\MiKTeX\tex/generic/pgf/frontendlayer/tikz\tikz.code.tex
Package: tikz 2021/05/15 v3.1.9a (3.1.9a)
 (C:\Users\gotta\AppData\Local\Programs\MiKTeX\tex/generic/pgf/libraries\pgflibraryplothandlers.code.tex
File: pgflibraryplothandlers.code.tex 2021/05/15 v3.1.9a (3.1.9a)
\pgf@plot@mark@count=\count303
\pgfplotmarksize=\dimen266
)
\tikz@lastx=\dimen267
\tikz@lasty=\dimen268
\tikz@lastxsaved=\dimen269
\tikz@lastysaved=\dimen270
\tikz@lastmovetox=\dimen271
\tikz@lastmovetoy=\dimen272
\tikzleveldistance=\dimen273
\tikzsiblingdistance=\dimen274
\tikz@figbox=\box72
\tikz@figbox@bg=\box73
\tikz@tempbox=\box74
\tikz@tempbox@bg=\box75
\tikztreelevel=\count304
\tikznumberofchildren=\count305
\tikznumberofcurrentchild=\count306
\tikz@fig@count=\count307
 (C:\Users\gotta\AppData\Local\Programs\MiKTeX\tex/generic/pgf/modules\pgfmodulematrix.code.tex
File: pgfmodulematrix.code.tex 2021/05/15 v3.1.9a (3.1.9a)
\pgfmatrixcurrentrow=\count308
\pgfmatrixcurrentcolumn=\count309
\pgf@matrix@numberofcolumns=\count310
)
\tikz@expandcount=\count311
 (C:\Users\gotta\AppData\Local\Programs\MiKTeX\tex/generic/pgf/frontendlayer/tikz/libraries\tikzlibrarytopaths.code.tex
File: tikzlibrarytopaths.code.tex 2021/05/15 v3.1.9a (3.1.9a)
))) (C:\Users\gotta\AppData\Local\Programs\MiKTeX\tex/latex/pgfplots\pgfplots.sty (C:\Users\gotta\AppData\Local\Programs\MiKTeX\tex/generic/pgfplots\pgfplots.revision.tex)
Package: pgfplots 2021/05/15 v1.18.1 Data Visualization (1.18.1)
 (C:\Users\gotta\AppData\Local\Programs\MiKTeX\tex/generic/pgfplots\pgfplots.code.tex (C:\Users\gotta\AppData\Local\Programs\MiKTeX\tex/generic/pgfplots\pgfplotscore.code.tex
\t@pgfplots@toka=\toks38
\t@pgfplots@tokb=\toks39
\t@pgfplots@tokc=\toks40
\pgfplots@tmpa=\dimen275
\c@pgfplots@coordindex=\count312
\c@pgfplots@scanlineindex=\count313
 (C:\Users\gotta\AppData\Local\Programs\MiKTeX\tex/generic/pgfplots/sys\pgfplotssysgeneric.code.tex)) (C:\Users\gotta\AppData\Local\Programs\MiKTeX\tex/generic/pgfplots/libs\pgfplotslibrary.code.tex) (C:\Users\gotta\AppData\Local\Programs\MiKTeX\tex/generic/pgfplots/oldpgfcompatib\pgfplotsoldpgfsupp_loader.code.tex (C:\Users\gotta\AppData\Local\Programs\MiKTeX\tex/generic/pgf/libraries\pgflibraryfpu.code.tex)) (C:\Users\gotta\AppData\Local\Programs\MiKTeX\tex/generic/pgfplots/util\pgfplotsutil.code.tex (C:\Users\gotta\AppData\Local\Programs\MiKTeX\tex/generic/pgfplots/liststructure\pgfplotsliststructure.code.tex) (C:\Users\gotta\AppData\Local\Programs\MiKTeX\tex/generic/pgfplots/liststructure\pgfplotsliststructureext.code.tex) (C:\Users\gotta\AppData\Local\Programs\MiKTeX\tex/generic/pgfplots/liststructure\pgfplotsarray.code.tex
\c@pgfplotsarray@tmp=\count314
) (C:\Users\gotta\AppData\Local\Programs\MiKTeX\tex/generic/pgfplots/liststructure\pgfplotsmatrix.code.tex) (C:\Users\gotta\AppData\Local\Programs\MiKTeX\tex/generic/pgfplots/numtable\pgfplotstableshared.code.tex
\c@pgfplotstable@counta=\count315
\t@pgfplotstable@a=\toks41
) (C:\Users\gotta\AppData\Local\Programs\MiKTeX\tex/generic/pgfplots/liststructure\pgfplotsdeque.code.tex) (C:\Users\gotta\AppData\Local\Programs\MiKTeX\tex/generic/pgfplots/util\pgfplotsbinary.code.tex (C:\Users\gotta\AppData\Local\Programs\MiKTeX\tex/generic/pgfplots/util\pgfplotsbinary.data.code.tex)) (C:\Users\gotta\AppData\Local\Programs\MiKTeX\tex/generic/pgfplots/util\pgfplotsutil.verb.code.tex) (C:\Users\gotta\AppData\Local\Programs\MiKTeX\tex/generic/pgfplots/libs\pgflibrarypgfplots.surfshading.code.tex
\c@pgfplotslibrarysurf@no=\count316
 (C:\Users\gotta\AppData\Local\Programs\MiKTeX\tex/generic/pgfplots/sys\pgflibrarypgfplots.surfshading.pgfsys-pdftex.def))) (C:\Users\gotta\AppData\Local\Programs\MiKTeX\tex/generic/pgfplots/util\pgfplotscolormap.code.tex (C:\Users\gotta\AppData\Local\Programs\MiKTeX\tex/generic/pgfplots/util\pgfplotscolor.code.tex)) (C:\Users\gotta\AppData\Local\Programs\MiKTeX\tex/generic/pgfplots\pgfplotsstackedplots.code.tex) (C:\Users\gotta\AppData\Local\Programs\MiKTeX\tex/generic/pgfplots\pgfplotsplothandlers.code.tex
(C:\Users\gotta\AppData\Local\Programs\MiKTeX\tex/generic/pgfplots\pgfplotsmeshplothandler.code.tex (C:\Users\gotta\AppData\Local\Programs\MiKTeX\tex/generic/pgfplots\pgfplotsmeshplotimage.code.tex))) (C:\Users\gotta\AppData\Local\Programs\MiKTeX\tex/generic/pgfplots\pgfplots.scaling.code.tex) (C:\Users\gotta\AppData\Local\Programs\MiKTeX\tex/generic/pgfplots\pgfplotscoordprocessing.code.tex) (C:\Users\gotta\AppData\Local\Programs\MiKTeX\tex/generic/pgfplots\pgfplots.errorbars.code.tex) (C:\Users\gotta\AppData\Local\Programs\MiKTeX\tex/generic/pgfplots\pgfplots.markers.code.tex) (C:\Users\gotta\AppData\Local\Programs\MiKTeX\tex/generic/pgfplots\pgfplotsticks.code.tex) (C:\Users\gotta\AppData\Local\Programs\MiKTeX\tex/generic/pgfplots\pgfplots.paths.code.tex) (C:\Users\gotta\AppData\Local\Programs\MiKTeX\tex/generic/pgf/frontendlayer/tikz/libraries\tikzlibrarydecorations.code.tex (C:\Users\gotta\AppData\Local\Programs\MiKTeX\tex/generic/pgf/modules\pgfmoduledecorations.code.tex
\pgfdecoratedcompleteddistance=\dimen276
\pgfdecoratedremainingdistance=\dimen277
\pgfdecoratedinputsegmentcompleteddistance=\dimen278
\pgfdecoratedinputsegmentremainingdistance=\dimen279
\pgf@decorate@distancetomove=\dimen280
\pgf@decorate@repeatstate=\count317
\pgfdecorationsegmentamplitude=\dimen281
\pgfdecorationsegmentlength=\dimen282
)
\tikz@lib@dec@box=\box76
) (C:\Users\gotta\AppData\Local\Programs\MiKTeX\tex/generic/pgf/frontendlayer/tikz/libraries\tikzlibrarydecorations.pathmorphing.code.tex (C:\Users\gotta\AppData\Local\Programs\MiKTeX\tex/generic/pgf/libraries/decorations\pgflibrarydecorations.pathmorphing.code.tex)) (C:\Users\gotta\AppData\Local\Programs\MiKTeX\tex/generic/pgf/frontendlayer/tikz/libraries\tikzlibrarydecorations.pathreplacing.code.tex (C:\Users\gotta\AppData\Local\Programs\MiKTeX\tex/generic/pgf/libraries/decorations\pgflibrarydecorations.pathreplacing.code.tex)) (C:\Users\gotta\AppData\Local\Programs\MiKTeX\tex/generic/pgfplots/libs\tikzlibrarypgfplots.contourlua.code.tex)
\pgfplots@numplots=\count318
\pgfplots@xmin@reg=\dimen283
\pgfplots@xmax@reg=\dimen284
\pgfplots@ymin@reg=\dimen285
\pgfplots@ymax@reg=\dimen286
\pgfplots@zmin@reg=\dimen287
\pgfplots@zmax@reg=\dimen288
) (C:\Users\gotta\AppData\Local\Programs\MiKTeX\tex/generic/pgf/frontendlayer/tikz/libraries\tikzlibraryplotmarks.code.tex
File: tikzlibraryplotmarks.code.tex 2021/05/15 v3.1.9a (3.1.9a)
 (C:\Users\gotta\AppData\Local\Programs\MiKTeX\tex/generic/pgf/libraries\pgflibraryplotmarks.code.tex
File: pgflibraryplotmarks.code.tex 2021/05/15 v3.1.9a (3.1.9a)
))) (C:\Users\gotta\AppData\Local\Programs\MiKTeX\tex/latex/pgfplots\pgfplotstable.sty (C:\Users\gotta\AppData\Local\Programs\MiKTeX\tex/generic/pgfplots\pgfplots.revision.tex)
Package: pgfplotstable 2021/05/15 v1.18.1 Table typesetting and Pretty-printing (1.18.1)
 (C:\Users\gotta\AppData\Local\Programs\MiKTeX\tex/generic/pgfplots/numtable\pgfplotstable.code.tex (C:\Users\gotta\AppData\Local\Programs\MiKTeX\tex/generic/pgfplots/numtable\pgfplotstable.coltype.code.tex))) (C:\Users\gotta\AppData\Local\Programs\MiKTeX\tex/generic/pgfplots/libs\tikzlibrarypgfplots.units.code.tex) (C:\Users\gotta\AppData\Local\Programs\MiKTeX\tex/latex/csvsimple\csvsimple.sty
Package: csvsimple 2022/06/21 v2.3.1 LaTeX CSV file processing
) (C:\Users\gotta\AppData\Local\Programs\MiKTeX\tex/latex/csvsimple\csvsimple-legacy.sty
Package: csvsimple-legacy 2022/06/21 version 2.3.1 LaTeX2e CSV file processing
 (C:\Users\gotta\AppData\Local\Programs\MiKTeX\tex/latex/tools\shellesc.sty
Package: shellesc 2019/11/08 v1.0c unified shell escape interface for LaTeX
Package shellesc Info: Restricted shell escape enabled on input line 77.
)
\csv@file=\read3
\c@csvinputline=\count319
\c@csvrow=\count320
\c@csvcol=\count321
\csv@out=\write4
) (C:\Users\gotta\AppData\Local\Programs\MiKTeX\tex/latex/float\float.sty
Package: float 2001/11/08 v1.3d Float enhancements (AL)
\c@float@type=\count322
\float@exts=\toks42
\float@box=\box77
\@float@everytoks=\toks43
\@floatcapt=\box78
) (C:\Users\gotta\AppData\Local\Programs\MiKTeX\tex/latex/colortbl\colortbl.sty
Package: colortbl 2020/01/04 v1.0e Color table columns (DPC)
\everycr=\toks44
\minrowclearance=\skip59
) (C:\Users\gotta\AppData\Local\Programs\MiKTeX\tex/latex/caption\subcaption.sty
Package: subcaption 2022/01/07 v1.5 Sub-captions (AR)
 (C:\Users\gotta\AppData\Local\Programs\MiKTeX\tex/latex/caption\caption.sty
Package: caption 2022/03/01 v3.6b Customizing captions (AR)
 (C:\Users\gotta\AppData\Local\Programs\MiKTeX\tex/latex/caption\caption3.sty
Package: caption3 2022/03/17 v2.3b caption3 kernel (AR)
\caption@tempdima=\dimen289
\captionmargin=\dimen290
\caption@leftmargin=\dimen291
\caption@rightmargin=\dimen292
\caption@width=\dimen293
\caption@indent=\dimen294
\caption@parindent=\dimen295
\caption@hangindent=\dimen296
Package caption Info: Standard document class detected.
)
\c@caption@flags=\count323
\c@continuedfloat=\count324
Package caption Info: float package is loaded.
)
\c@subfigure=\count325
\c@subtable=\count326
) (C:\Users\gotta\AppData\Local\Programs\MiKTeX\tex/generic/babel\babel.sty
Package: babel 2022/02/26 3.73 The Babel package
\babel@savecnt=\count327
\U@D=\dimen297
\l@unhyphenated=\language79
 (C:\Users\gotta\AppData\Local\Programs\MiKTeX\tex/generic/babel\txtbabel.def)
\bbl@readstream=\read4
\bbl@dirlevel=\count328

*************************************
* Local config file bblopts.cfg used
*
(C:\Users\gotta\AppData\Local\Programs\MiKTeX\tex/latex/arabi\bblopts.cfg
File: bblopts.cfg 2005/09/08 v0.1 add Arabic and Farsi to "declared" options of babel
) (C:\Users\gotta\AppData\Local\Programs\MiKTeX\tex/latex/babel-italian\italian.ldf
Language: italian 2022/03/27 v.1.4.07 Italian support for the babel system
\it@lettering=\count329
\it@doublequoteactive=\count330
\it@ISOcompliance=\count331
)) (C:\Users\gotta\AppData\Local\Programs\MiKTeX\tex/latex/parskip\parskip.sty
Package: parskip 2021-03-14 v2.0h non-zero parskip adjustments
 (C:\Users\gotta\AppData\Local\Programs\MiKTeX\tex/latex/kvoptions\kvoptions.sty
Package: kvoptions 2020-10-07 v3.14 Key value format for package options (HO)
 (C:\Users\gotta\AppData\Local\Programs\MiKTeX\tex/generic/kvsetkeys\kvsetkeys.sty
Package: kvsetkeys 2019/12/15 v1.18 Key value parser (HO)
))) (C:\Users\gotta\AppData\Local\Programs\MiKTeX\tex/latex/setspace\setspace.sty
Package: setspace 2011/12/19 v6.7a set line spacing
) (C:\Users\gotta\AppData\Local\Programs\MiKTeX\tex/latex/geometry\geometry.sty
Package: geometry 2020/01/02 v5.9 Page Geometry
 (C:\Users\gotta\AppData\Local\Programs\MiKTeX\tex/generic/iftex\ifvtex.sty
Package: ifvtex 2019/10/25 v1.7 ifvtex legacy package. Use iftex instead.
)
\Gm@cnth=\count332
\Gm@cntv=\count333
\c@Gm@tempcnt=\count334
\Gm@bindingoffset=\dimen298
\Gm@wd@mp=\dimen299
\Gm@odd@mp=\dimen300
\Gm@even@mp=\dimen301
\Gm@layoutwidth=\dimen302
\Gm@layoutheight=\dimen303
\Gm@layouthoffset=\dimen304
\Gm@layoutvoffset=\dimen305
\Gm@dimlist=\toks45
 (C:\Users\gotta\AppData\Local\Programs\MiKTeX\tex/latex/geometry\geometry.cfg)) (C:\Users\gotta\AppData\Local\Programs\MiKTeX\tex/latex/psnfss\times.sty
Package: times 2020/03/25 PSNFSS-v9.3 (SPQR) 
) (C:\Users\gotta\AppData\Local\Programs\MiKTeX\tex/latex/csquotes\csquotes.sty
Package: csquotes 2021-02-22 v5.2l context-sensitive quotations (JAW)
\csq@reset=\count335
\csq@gtype=\count336
\csq@glevel=\count337
\csq@qlevel=\count338
\csq@maxlvl=\count339
\csq@tshold=\count340
\csq@ltx@everypar=\toks46
 (C:\Users\gotta\AppData\Local\Programs\MiKTeX\tex/latex/csquotes\csquotes.def
File: csquotes.def 2021-02-22 v5.2l csquotes generic definitions (JAW)
)
Package csquotes Info: Trying to load configuration file 'csquotes.cfg'...
Package csquotes Info: ... configuration file loaded successfully.
 (C:\Users\gotta\AppData\Local\Programs\MiKTeX\tex/latex/csquotes\csquotes.cfg
File: csquotes.cfg 
)) (C:\Users\gotta\AppData\Local\Programs\MiKTeX\tex/latex/biblatex\biblatex.sty
Package: biblatex 2022/02/02 v3.17 programmable bibliographies (PK/MW)
 (C:\Users\gotta\AppData\Local\Programs\MiKTeX\tex/latex/logreq\logreq.sty
Package: logreq 2010/08/04 v1.0 xml request logger
\lrq@indent=\count341
 (C:\Users\gotta\AppData\Local\Programs\MiKTeX\tex/latex/logreq\logreq.def
File: logreq.def 2010/08/04 v1.0 logreq spec v1.0
)) (C:\Users\gotta\AppData\Local\Programs\MiKTeX\tex/latex/url\url.sty
\Urlmuskip=\muskip17
Package: url 2013/09/16  ver 3.4  Verb mode for urls, etc.
)
\c@tabx@nest=\count342
\c@listtotal=\count343
\c@listcount=\count344
\c@liststart=\count345
\c@liststop=\count346
\c@citecount=\count347
\c@citetotal=\count348
\c@multicitecount=\count349
\c@multicitetotal=\count350
\c@instcount=\count351
\c@maxnames=\count352
\c@minnames=\count353
\c@maxitems=\count354
\c@minitems=\count355
\c@citecounter=\count356
\c@maxcitecounter=\count357
\c@savedcitecounter=\count358
\c@uniquelist=\count359
\c@uniquename=\count360
\c@refsection=\count361
\c@refsegment=\count362
\c@maxextratitle=\count363
\c@maxextratitleyear=\count364
\c@maxextraname=\count365
\c@maxextradate=\count366
\c@maxextraalpha=\count367
\c@abbrvpenalty=\count368
\c@highnamepenalty=\count369
\c@lownamepenalty=\count370
\c@maxparens=\count371
\c@parenlevel=\count372
\blx@tempcnta=\count373
\blx@tempcntb=\count374
\blx@tempcntc=\count375
\c@blx@maxsection=\count376
\c@blx@maxsegment@0=\count377
\blx@notetype=\count378
\blx@parenlevel@text=\count379
\blx@parenlevel@foot=\count380
\c@blx@sectionciteorder@0=\count381
\blx@entrysetcounter=\count382
\blx@biblioinstance=\count383
\labelnumberwidth=\skip60
\labelalphawidth=\skip61
\biblabelsep=\skip62
\bibitemsep=\skip63
\bibnamesep=\skip64
\bibinitsep=\skip65
\bibparsep=\skip66
\bibhang=\skip67
\blx@bcfin=\read5
\blx@bcfout=\write5
\blx@langwohyphens=\language80
\c@mincomprange=\count384
\c@maxcomprange=\count385
\c@mincompwidth=\count386
Package biblatex Info: Trying to load biblatex default data model...
Package biblatex Info: ... file 'blx-dm.def' found.
 (C:\Users\gotta\AppData\Local\Programs\MiKTeX\tex/latex/biblatex\blx-dm.def
File: blx-dm.def 2022/02/02 v3.17 biblatex localization (PK/MW)
)
Package biblatex Info: Trying to load biblatex custom data model...
Package biblatex Info: ... file 'biblatex-dm.cfg' not found.
\c@afterword=\count387
\c@savedafterword=\count388
\c@annotator=\count389
\c@savedannotator=\count390
\c@author=\count391
\c@savedauthor=\count392
\c@bookauthor=\count393
\c@savedbookauthor=\count394
\c@commentator=\count395
\c@savedcommentator=\count396
\c@editor=\count397
\c@savededitor=\count398
\c@editora=\count399
\c@savededitora=\count400
\c@editorb=\count401
\c@savededitorb=\count402
\c@editorc=\count403
\c@savededitorc=\count404
\c@foreword=\count405
\c@savedforeword=\count406
\c@holder=\count407
\c@savedholder=\count408
\c@introduction=\count409
\c@savedintroduction=\count410
\c@namea=\count411
\c@savednamea=\count412
\c@nameb=\count413
\c@savednameb=\count414
\c@namec=\count415
\c@savednamec=\count416
\c@translator=\count417
\c@savedtranslator=\count418
\c@shortauthor=\count419
\c@savedshortauthor=\count420
\c@shorteditor=\count421
\c@savedshorteditor=\count422
\c@labelname=\count423
\c@savedlabelname=\count424
\c@institution=\count425
\c@savedinstitution=\count426
\c@lista=\count427
\c@savedlista=\count428
\c@listb=\count429
\c@savedlistb=\count430
\c@listc=\count431
\c@savedlistc=\count432
\c@listd=\count433
\c@savedlistd=\count434
\c@liste=\count435
\c@savedliste=\count436
\c@listf=\count437
\c@savedlistf=\count438
\c@location=\count439
\c@savedlocation=\count440
\c@organization=\count441
\c@savedorganization=\count442
\c@origlocation=\count443
\c@savedoriglocation=\count444
\c@origpublisher=\count445
\c@savedorigpublisher=\count446
\c@publisher=\count447
\c@savedpublisher=\count448
\c@language=\count449
\c@savedlanguage=\count450
\c@origlanguage=\count451
\c@savedoriglanguage=\count452
\c@pageref=\count453
\c@savedpageref=\count454
\shorthandwidth=\skip68
\shortjournalwidth=\skip69
\shortserieswidth=\skip70
\shorttitlewidth=\skip71
\shortauthorwidth=\skip72
\shorteditorwidth=\skip73
\locallabelnumberwidth=\skip74
\locallabelalphawidth=\skip75
\localshorthandwidth=\skip76
\localshortjournalwidth=\skip77
\localshortserieswidth=\skip78
\localshorttitlewidth=\skip79
\localshortauthorwidth=\skip80
\localshorteditorwidth=\skip81
Package biblatex Info: Trying to load compatibility code...
Package biblatex Info: ... file 'blx-compat.def' found.
 (C:\Users\gotta\AppData\Local\Programs\MiKTeX\tex/latex/biblatex\blx-compat.def
File: blx-compat.def 2022/02/02 v3.17 biblatex compatibility (PK/MW)
)
Package biblatex Info: Trying to load generic definitions...
Package biblatex Info: ... file 'biblatex.def' found.
 (C:\Users\gotta\AppData\Local\Programs\MiKTeX\tex/latex/biblatex\biblatex.def
File: biblatex.def 2022/02/02 v3.17 biblatex compatibility (PK/MW)
\c@textcitecount=\count455
\c@textcitetotal=\count456
\c@textcitemaxnames=\count457
\c@biburlbigbreakpenalty=\count458
\c@biburlbreakpenalty=\count459
\c@biburlnumpenalty=\count460
\c@biburlucpenalty=\count461
\c@biburllcpenalty=\count462
\biburlbigskip=\muskip18
\biburlnumskip=\muskip19
\biburlucskip=\muskip20
\biburllcskip=\muskip21
\c@smartand=\count463
)
Package biblatex Info: Trying to load bibliography style 'numeric'...
Package biblatex Info: ... file 'numeric.bbx' found.
 (C:\Users\gotta\AppData\Local\Programs\MiKTeX\tex/latex/biblatex/bbx\numeric.bbx
File: numeric.bbx 2022/02/02 v3.17 biblatex bibliography style (PK/MW)
Package biblatex Info: Trying to load bibliography style 'standard'...
Package biblatex Info: ... file 'standard.bbx' found.
 (C:\Users\gotta\AppData\Local\Programs\MiKTeX\tex/latex/biblatex/bbx\standard.bbx
File: standard.bbx 2022/02/02 v3.17 biblatex bibliography style (PK/MW)
\c@bbx:relatedcount=\count464
\c@bbx:relatedtotal=\count465
))
Package biblatex Info: Trying to load citation style 'numeric'...
Package biblatex Info: ... file 'numeric.cbx' found.
 (C:\Users\gotta\AppData\Local\Programs\MiKTeX\tex/latex/biblatex/cbx\numeric.cbx
File: numeric.cbx 2022/02/02 v3.17 biblatex citation style (PK/MW)
Package biblatex Info: Redefining '\cite'.
Package biblatex Info: Redefining '\parencite'.
Package biblatex Info: Redefining '\footcite'.
Package biblatex Info: Redefining '\footcitetext'.
Package biblatex Info: Redefining '\smartcite'.
Package biblatex Info: Redefining '\supercite'.
Package biblatex Info: Redefining '\textcite'.
Package biblatex Info: Redefining '\textcites'.
Package biblatex Info: Redefining '\cites'.
Package biblatex Info: Redefining '\parencites'.
Package biblatex Info: Redefining '\smartcites'.
)
Package biblatex Info: Trying to load configuration file...
Package biblatex Info: ... file 'biblatex.cfg' found.
 (C:\Users\gotta\AppData\Local\Programs\MiKTeX\tex/latex/biblatex\biblatex.cfg
File: biblatex.cfg 
)
Package biblatex Info: Input encoding 'utf8' detected.
Package biblatex Info: Document encoding is UTF8 ....
Package biblatex Info: ... and expl3
(biblatex)             2022-04-10 L3 programming layer (loader) 
(biblatex)             is new enough (at least 2020/04/06),
(biblatex)             setting 'casechanger=expl3'.
 (C:\Users\gotta\AppData\Local\Programs\MiKTeX\tex/latex/biblatex\blx-case-expl3.sty (C:\Users\gotta\AppData\Local\Programs\MiKTeX\tex/latex/l3packages/xparse\xparse.sty
Package: xparse 2022-01-12 L3 Experimental document command parser
)
Package: blx-case-expl3 2022/02/02 v3.17 expl3 case changing code for biblatex
)) (C:\Users\gotta\AppData\Local\Programs\MiKTeX\tex/latex/xurl\xurl.sty
Package: xurl 2022/01/09 v 0.10 modify URL breaks

xurl: Set penalties for biblatex
) (C:\Users\gotta\AppData\Local\Programs\MiKTeX\tex/latex/tools\afterpage.sty
Package: afterpage 2014/10/28 v1.08 After-Page Package (DPC)
\AP@output=\toks47
\AP@partial=\box79
\AP@footins=\box80
) (C:\Users\gotta\AppData\Local\Programs\MiKTeX\tex/latex/lipsum\lipsum.sty
Package: lipsum 2021-09-20 v2.7 150 paragraphs of Lorem Ipsum dummy text
\g__lipsum_par_int=\count466
\l__lipsum_a_int=\count467
\l__lipsum_b_int=\count468
 (C:\Users\gotta\AppData\Local\Programs\MiKTeX\tex/latex/lipsum\lipsum.ltd.tex))
Package csquotes Info: Checking for multilingual support...
Package csquotes Info: ... found 'babel' package.
Package csquotes Info: Adjusting default style.
Package csquotes Info: Redefining alias 'default' -> 'italian'.
LaTeX Font Info:    Trying to load font information for OT1+ptm on input line 123.
 (C:\Users\gotta\AppData\Local\Programs\MiKTeX\tex/latex/psnfss\ot1ptm.fd
File: ot1ptm.fd 2001/06/04 font definitions for OT1/ptm.
) (main.aux (chapters/ch00-introduzione.aux) (chapters/ch01-segnali_principali.aux) (chapters/ch02-vfc.aux) (chapters/ch03-interfaccia_ingresso.aux) (chapters/ch04-selezione_modalità.aux) (chapters/ch05-segnali_secondari.aux) (chapters/ch06-interfaccia_uscita.aux) (chapters/ch07-protezione_circuito.aux) (chapters/ch08-suddivisione_schede.aux) (chapters/ch09-conclusioni.aux))
\openout1 = `main.aux'.

LaTeX Font Info:    Checking defaults for OML/cmm/m/it on input line 123.
LaTeX Font Info:    ... okay on input line 123.
LaTeX Font Info:    Checking defaults for OMS/cmsy/m/n on input line 123.
LaTeX Font Info:    ... okay on input line 123.
LaTeX Font Info:    Checking defaults for OT1/cmr/m/n on input line 123.
LaTeX Font Info:    ... okay on input line 123.
LaTeX Font Info:    Checking defaults for T1/cmr/m/n on input line 123.
LaTeX Font Info:    ... okay on input line 123.
LaTeX Font Info:    Checking defaults for TS1/cmr/m/n on input line 123.
LaTeX Font Info:    ... okay on input line 123.
LaTeX Font Info:    Checking defaults for OMX/cmex/m/n on input line 123.
LaTeX Font Info:    ... okay on input line 123.
LaTeX Font Info:    Checking defaults for U/cmr/m/n on input line 123.
LaTeX Font Info:    ... okay on input line 123.
Package translations Info: no dictionary file `translations-basic-dictionary-italian.trsl' found. on input line 123.
 (C:\Users\gotta\AppData\Local\Programs\MiKTeX\tex/context/base/mkii\supp-pdf.mkii
[Loading MPS to PDF converter (version 2006.09.02).]
\scratchcounter=\count469
\scratchdimen=\dimen306
\scratchbox=\box81
\nofMPsegments=\count470
\nofMParguments=\count471
\everyMPshowfont=\toks48
\MPscratchCnt=\count472
\MPscratchDim=\dimen307
\MPnumerator=\count473
\makeMPintoPDFobject=\count474
\everyMPtoPDFconversion=\toks49
) (C:\Users\gotta\AppData\Local\Programs\MiKTeX\tex/latex/epstopdf-pkg\epstopdf-base.sty
Package: epstopdf-base 2020-01-24 v2.11 Base part for package epstopdf
Package epstopdf-base Info: Redefining graphics rule for `.eps' on input line 485.
 (C:\Users\gotta\AppData\Local\Programs\MiKTeX\tex/latex/00miktex\epstopdf-sys.cfg
File: epstopdf-sys.cfg 2021/03/18 v2.0 Configuration of epstopdf for MiKTeX
)) (C:\Users\gotta\AppData\Local\Programs\MiKTeX\tex/latex/pdflscape\pdflscape.sty
Package: pdflscape 2019/12/05 v0.12 Display of landscape pages in PDF (HO)
 (C:\Users\gotta\AppData\Local\Programs\MiKTeX\tex/latex/graphics\lscape.sty
Package: lscape 2020/05/28 v3.02 Landscape Pages (DPC)
)
Package pdflscape Info: Auto-detected driver: pdftex on input line 81.
)
Package pgfplots notification 'compat/show suggested version=true': document has been generated with the most recent feature set (\pgfplotsset{compat=1.18}).

Package caption Info: Begin \AtBeginDocument code.
Package caption Info: End \AtBeginDocument code.
LaTeX Info: Redefining \it@ocap on input line 123.
LaTeX Info: Redefining \it@ccap on input line 123.

File italian.ldf warning: 
italian.ldf    With OT1 encoding guillemets are poorly faked
italian.ldf    Use T1 encoding
italian.ldf    or specify a font with command \CaporaliFrom
italian.ldf    See the documentation concerning the babel-italian typesetting 
italian.ldf    on input line 123.

*geometry* driver: auto-detecting
*geometry* detected driver: pdftex
*geometry* verbose mode - [ preamble ] result:
* driver: pdftex
* paper: a4paper
* layout: <same size as paper>
* layoutoffset:(h,v)=(0.0pt,0.0pt)
* modes: twoside heightrounded 
* h-part:(L,W,R)=(85.35826pt, 455.24411pt, 56.9055pt)
* v-part:(T,H,B)=(56.9055pt, 731.23584pt, 56.9055pt)
* \paperwidth=597.50787pt
* \paperheight=845.04684pt
* \textwidth=455.24411pt
* \textheight=731.92447pt
* \oddsidemargin=13.08827pt
* \evensidemargin=-15.36449pt
* \topmargin=-52.36449pt
* \headheight=12.0pt
* \headsep=25.0pt
* \topskip=12.0pt
* \footskip=30.0pt
* \marginparwidth=95.0pt
* \marginparsep=10.0pt
* \columnsep=10.0pt
* \skip\footins=10.8pt plus 4.0pt minus 2.0pt
* \hoffset=0.0pt
* \voffset=0.0pt
* \mag=1000
* \@twocolumnfalse
* \@twosidetrue
* \@mparswitchtrue
* \@reversemarginfalse
* (1in=72.27pt=25.4mm, 1cm=28.453pt)

Package biblatex Info: Trying to load language 'italian'...
Package biblatex Info: ... file 'italian.lbx' found.
(C:\Users\gotta\AppData\Local\Programs\MiKTeX\tex/latex/biblatex/lbx\italian.lbx
File: italian.lbx 2022/02/02 v3.17 biblatex localization (PK/MW)
)
Package biblatex Info: Input encoding 'utf8' detected.
Package biblatex Info: Automatic encoding selection.
(biblatex)             Assuming data encoding 'utf8'.
\openout5 = `main.bcf'.

Package biblatex Info: Trying to load bibliographic data...
Package biblatex Info: ... file 'main.bbl' found.
 (main.bbl)
Package biblatex Info: Reference section=0 on input line 123.
Package biblatex Info: Reference segment=0 on input line 123.


pdfTeX warning: pdflatex (file ./pdfs/frontespizio/frontespizio_tesi.pdf): PDF inclusion: found PDF version <1.7>, but at most version <1.5> allowed
<pdfs/frontespizio/frontespizio_tesi.pdf, id=4, 597.55246pt x 845.07718pt>
File: pdfs/frontespizio/frontespizio_tesi.pdf Graphic file (type pdf)
<use pdfs/frontespizio/frontespizio_tesi.pdf>
Package pdftex.def Info: pdfs/frontespizio/frontespizio_tesi.pdf  used on input line 127.
(pdftex.def)             Requested size: 597.551pt x 845.07512pt.


pdfTeX warning: pdflatex (file ./pdfs/frontespizio/frontespizio_tesi.pdf): PDF inclusion: found PDF version <1.7>, but at most version <1.5> allowed
File: pdfs/frontespizio/frontespizio_tesi.pdf Graphic file (type pdf)
<use pdfs/frontespizio/frontespizio_tesi.pdf>
Package pdftex.def Info: pdfs/frontespizio/frontespizio_tesi.pdf  used on input line 127.
(pdftex.def)             Requested size: 597.551pt x 845.07512pt.


pdfTeX warning: pdflatex (file ./pdfs/frontespizio/frontespizio_tesi.pdf): PDF inclusion: found PDF version <1.7>, but at most version <1.5> allowed


pdfTeX warning: pdflatex (file ./pdfs/frontespizio/frontespizio_tesi.pdf): PDF inclusion: found PDF version <1.7>, but at most version <1.5> allowed
<pdfs/frontespizio/frontespizio_tesi.pdf, id=7, page=1, 597.55246pt x 845.07718pt>
File: pdfs/frontespizio/frontespizio_tesi.pdf Graphic file (type pdf)
<use pdfs/frontespizio/frontespizio_tesi.pdf, page 1>
Package pdftex.def Info: pdfs/frontespizio/frontespizio_tesi.pdf , page1 used on input line 127.
(pdftex.def)             Requested size: 597.551pt x 845.07512pt.
File: pdfs/frontespizio/frontespizio_tesi.pdf Graphic file (type pdf)
<use pdfs/frontespizio/frontespizio_tesi.pdf, page 1>
Package pdftex.def Info: pdfs/frontespizio/frontespizio_tesi.pdf , page1 used on input line 127.
(pdftex.def)             Requested size: 597.57834pt x 845.1138pt.
File: pdfs/frontespizio/frontespizio_tesi.pdf Graphic file (type pdf)
<use pdfs/frontespizio/frontespizio_tesi.pdf, page 1>
Package pdftex.def Info: pdfs/frontespizio/frontespizio_tesi.pdf , page1 used on input line 127.
(pdftex.def)             Requested size: 597.57834pt x 845.1138pt.
File: pdfs/frontespizio/frontespizio_tesi.pdf Graphic file (type pdf)
<use pdfs/frontespizio/frontespizio_tesi.pdf, page 1>
Package pdftex.def Info: pdfs/frontespizio/frontespizio_tesi.pdf , page1 used on input line 127.
(pdftex.def)             Requested size: 597.57834pt x 845.1138pt.
File: pdfs/frontespizio/frontespizio_tesi.pdf Graphic file (type pdf)
<use pdfs/frontespizio/frontespizio_tesi.pdf, page 1>
Package pdftex.def Info: pdfs/frontespizio/frontespizio_tesi.pdf , page1 used on input line 127.
(pdftex.def)             Requested size: 597.57834pt x 845.1138pt.
[1

 <./pdfs/frontespizio/frontespizio_tesi.pdf>] [2] (main.toc)
\tf@toc=\write6
\openout6 = `main.toc'.

 [3

{C:/Users/gotta/AppData/Local/MiKTeX/fonts/map/pdftex/pdftex.map}] [4]
\openout2 = `chapters/ch00-introduzione.aux'.

 (chapters/ch00-introduzione.tex
<images//graphs/functioning_range.png, id=61, 313.8927pt x 66.2475pt>
File: images//graphs/functioning_range.png Graphic file (type png)
<use images//graphs/functioning_range.png>
Package pdftex.def Info: images//graphs/functioning_range.png  used on input line 21.
(pdftex.def)             Requested size: 313.89192pt x 66.24733pt.
LaTeX Font Info:    Trying to load font information for TS1+ptm on input line 34.
 (C:\Users\gotta\AppData\Local\Programs\MiKTeX\tex/latex/psnfss\ts1ptm.fd
File: ts1ptm.fd 2001/06/04 font definitions for TS1/ptm.
) [5


 <./images//graphs/functioning_range.png>]
<images//misc/panel_explained.png, id=69, 351.59355pt x 366.52934pt>
File: images//misc/panel_explained.png Graphic file (type png)
<use images//misc/panel_explained.png>
Package pdftex.def Info: images//misc/panel_explained.png  used on input line 70.
(pdftex.def)             Requested size: 351.59268pt x 366.52844pt.
) [6] [7 <./images//misc/panel_explained.png>]
\openout2 = `chapters/ch01-segnali_principali.aux'.

 (chapters/ch01-segnali_principali.tex
Capitolo 1.
<images//graphs/low_res_ramp.png, id=79, 181.6386pt x 67.2111pt>
File: images//graphs/low_res_ramp.png Graphic file (type png)
<use images//graphs/low_res_ramp.png>
Package pdftex.def Info: images//graphs/low_res_ramp.png  used on input line 29.
(pdftex.def)             Requested size: 181.63814pt x 67.21094pt.
<images//graphs/high_res_ramp.png, id=80, 181.6386pt x 73.11314pt>
File: images//graphs/high_res_ramp.png Graphic file (type png)
<use images//graphs/high_res_ramp.png>
Package pdftex.def Info: images//graphs/high_res_ramp.png  used on input line 35.
(pdftex.def)             Requested size: 181.63814pt x 73.11296pt.
[8




 <./images//graphs/low_res_ramp.png> <./images//graphs/high_res_ramp.png>]
<images//block_diagrams/ramp_block_diagram.png, id=87, 265.11044pt x 62.99535pt>
File: images//block_diagrams/ramp_block_diagram.png Graphic file (type png)
<use images//block_diagrams/ramp_block_diagram.png>
Package pdftex.def Info: images//block_diagrams/ramp_block_diagram.png  used on input line 67.
(pdftex.def)             Requested size: 265.10977pt x 62.99518pt.
<images//circuits/DAC_circuit.png, id=88, 264.62865pt x 119.36595pt>
File: images//circuits/DAC_circuit.png Graphic file (type png)
<use images//circuits/DAC_circuit.png>
Package pdftex.def Info: images//circuits/DAC_circuit.png  used on input line 106.
(pdftex.def)             Requested size: 264.62799pt x 119.36565pt.

Underfull \vbox (badness 2582) has occurred while \output is active []

 [9 <./images//block_diagrams/ramp_block_diagram.png>]
<images//circuits/ramp_counter_circuit.png, id=94, 125.9907pt x 162.1257pt>
File: images//circuits/ramp_counter_circuit.png Graphic file (type png)
<use images//circuits/ramp_counter_circuit.png>
Package pdftex.def Info: images//circuits/ramp_counter_circuit.png  used on input line 122.
(pdftex.def)             Requested size: 125.99039pt x 162.1253pt.
<images//block_diagrams/mis_ramp.png, id=95, 134.30174pt x 91.0602pt>
File: images//block_diagrams/mis_ramp.png Graphic file (type png)
<use images//block_diagrams/mis_ramp.png>
Package pdftex.def Info: images//block_diagrams/mis_ramp.png  used on input line 145.
(pdftex.def)             Requested size: 134.3014pt x 91.05997pt.
 [10 <./images//circuits/DAC_circuit.png> <./images//circuits/ramp_counter_circuit.png>]
<images//acquisitions/ramp_wave.png, id=102, 1027.84pt x 770.88pt>
File: images//acquisitions/ramp_wave.png Graphic file (type png)
<use images//acquisitions/ramp_wave.png>
Package pdftex.def Info: images//acquisitions/ramp_wave.png  used on input line 159.
(pdftex.def)             Requested size: 205.56436pt x 154.17326pt.
<images//misc/oscilloscope_placeholder.png, id=103, 171.5208pt x 137.43346pt>
File: images//misc/oscilloscope_placeholder.png Graphic file (type png)
<use images//misc/oscilloscope_placeholder.png>
Package pdftex.def Info: images//misc/oscilloscope_placeholder.png  used on input line 165.
(pdftex.def)             Requested size: 171.52037pt x 137.4331pt.
<images//block_diagrams/triangle_block_diagram.png, id=104, 265.11044pt x 63.23625pt>
File: images//block_diagrams/triangle_block_diagram.png Graphic file (type png)
<use images//block_diagrams/triangle_block_diagram.png>
Package pdftex.def Info: images//block_diagrams/triangle_block_diagram.png  used on input line 193.
(pdftex.def)             Requested size: 265.10977pt x 63.23608pt.
<images//graphs/low_res_triangle.png, id=105, 181.6386pt x 69.6201pt>
File: images//graphs/low_res_triangle.png Graphic file (type png)
<use images//graphs/low_res_triangle.png>
Package pdftex.def Info: images//graphs/low_res_triangle.png  used on input line 203.
(pdftex.def)             Requested size: 181.63814pt x 69.61992pt.
<images//graphs/high_res_triangle.png, id=106, 181.6386pt x 73.11314pt>
File: images//graphs/high_res_triangle.png Graphic file (type png)
<use images//graphs/high_res_triangle.png>
Package pdftex.def Info: images//graphs/high_res_triangle.png  used on input line 209.
(pdftex.def)             Requested size: 181.63814pt x 73.11296pt.
 [11 <./images//block_diagrams/mis_ramp.png> <./images//acquisitions/ramp_wave.png (PNG copy)> <./images//misc/oscilloscope_placeholder.png> <./images//block_diagrams/triangle_block_diagram.png>]
File: images//graphs/low_res_ramp.png Graphic file (type png)
<use images//graphs/low_res_ramp.png>
Package pdftex.def Info: images//graphs/low_res_ramp.png  used on input line 230.
(pdftex.def)             Requested size: 181.63814pt x 67.21094pt.
File: images//graphs/low_res_triangle.png Graphic file (type png)
<use images//graphs/low_res_triangle.png>
Package pdftex.def Info: images//graphs/low_res_triangle.png  used on input line 235.
(pdftex.def)             Requested size: 181.63814pt x 69.61992pt.
<images//circuits/triangle_counter_circuit.png, id=113, 273.54195pt x 138.9993pt>
File: images//circuits/triangle_counter_circuit.png Graphic file (type png)
<use images//circuits/triangle_counter_circuit.png>
Package pdftex.def Info: images//circuits/triangle_counter_circuit.png  used on input line 255.
(pdftex.def)             Requested size: 273.54128pt x 138.99895pt.
 [12 <./images//graphs/low_res_triangle.png> <./images//graphs/high_res_triangle.png> <./images//circuits/triangle_counter_circuit.png>]
<images//graphs/RCO2_behaviour.png, id=120, 179.9523pt x 163.45065pt>
File: images//graphs/RCO2_behaviour.png Graphic file (type png)
<use images//graphs/RCO2_behaviour.png>
Package pdftex.def Info: images//graphs/RCO2_behaviour.png  used on input line 269.
(pdftex.def)             Requested size: 179.95184pt x 163.45024pt.
<images//block_diagrams/mis_triangle.png, id=121, 134.30174pt x 91.0602pt>
File: images//block_diagrams/mis_triangle.png Graphic file (type png)
<use images//block_diagrams/mis_triangle.png>
Package pdftex.def Info: images//block_diagrams/mis_triangle.png  used on input line 284.
(pdftex.def)             Requested size: 134.3014pt x 91.05997pt.
File: images//misc/oscilloscope_placeholder.png Graphic file (type png)
<use images//misc/oscilloscope_placeholder.png>
Package pdftex.def Info: images//misc/oscilloscope_placeholder.png  used on input line 296.
(pdftex.def)             Requested size: 171.52037pt x 137.4331pt.
File: images//misc/oscilloscope_placeholder.png Graphic file (type png)
<use images//misc/oscilloscope_placeholder.png>
Package pdftex.def Info: images//misc/oscilloscope_placeholder.png  used on input line 302.
(pdftex.def)             Requested size: 171.52037pt x 137.4331pt.

Underfull \vbox (badness 10000) has occurred while \output is active []

 [13 <./images//graphs/RCO2_behaviour.png> <./images//block_diagrams/mis_triangle.png>]
<images//block_diagrams/freq_divider_block_diagram.png, id=128, 99.37125pt x 29.26935pt>
File: images//block_diagrams/freq_divider_block_diagram.png Graphic file (type png)
<use images//block_diagrams/freq_divider_block_diagram.png>
Package pdftex.def Info: images//block_diagrams/freq_divider_block_diagram.png  used on input line 327.
(pdftex.def)             Requested size: 99.371pt x 29.26927pt.
<images//graphs/clock_divider_behaviour.png, id=129, 179.9523pt x 148.27396pt>
File: images//graphs/clock_divider_behaviour.png Graphic file (type png)
<use images//graphs/clock_divider_behaviour.png>
Package pdftex.def Info: images//graphs/clock_divider_behaviour.png  used on input line 334.
(pdftex.def)             Requested size: 179.95184pt x 148.27357pt.
 [14 <./images//block_diagrams/freq_divider_block_diagram.png> <./images//graphs/clock_divider_behaviour.png>]
<images//block_diagrams/UD_block_diagram.png, id=135, 138.7584pt x 32.16016pt>
File: images//block_diagrams/UD_block_diagram.png Graphic file (type png)
<use images//block_diagrams/UD_block_diagram.png>
Package pdftex.def Info: images//block_diagrams/UD_block_diagram.png  used on input line 349.
(pdftex.def)             Requested size: 138.75806pt x 32.16006pt.
<images//circuits/inverter_circuit.png, id=136, 102.02115pt x 108.04366pt>
File: images//circuits/inverter_circuit.png Graphic file (type png)
<use images//circuits/inverter_circuit.png>
Package pdftex.def Info: images//circuits/inverter_circuit.png  used on input line 366.
(pdftex.def)             Requested size: 102.02087pt x 108.04338pt.
<images//block_diagrams/mis_clock_divider.png, id=137, 136.71075pt x 91.0602pt>
File: images//block_diagrams/mis_clock_divider.png Graphic file (type png)
<use images//block_diagrams/mis_clock_divider.png>
Package pdftex.def Info: images//block_diagrams/mis_clock_divider.png  used on input line 384.
(pdftex.def)             Requested size: 136.7104pt x 91.05997pt.
File: images//misc/oscilloscope_placeholder.png Graphic file (type png)
<use images//misc/oscilloscope_placeholder.png>
Package pdftex.def Info: images//misc/oscilloscope_placeholder.png  used on input line 390.
(pdftex.def)             Requested size: 171.52037pt x 137.4331pt.
<images//block_diagrams/mis_UD.png, id=138, 181.3977pt x 96.23955pt>
File: images//block_diagrams/mis_UD.png Graphic file (type png)
<use images//block_diagrams/mis_UD.png>
Package pdftex.def Info: images//block_diagrams/mis_UD.png  used on input line 404.
(pdftex.def)             Requested size: 181.39725pt x 96.2393pt.
File: images//misc/oscilloscope_placeholder.png Graphic file (type png)
<use images//misc/oscilloscope_placeholder.png>
Package pdftex.def Info: images//misc/oscilloscope_placeholder.png  used on input line 410.
(pdftex.def)             Requested size: 171.52037pt x 137.4331pt.
 [15 <./images//block_diagrams/UD_block_diagram.png> <./images//circuits/inverter_circuit.png> <./images//block_diagrams/mis_clock_divider.png>]) [16 <./images//block_diagrams/mis_UD.png>]
\openout2 = `chapters/ch02-vfc.aux'.

 (chapters/ch02-vfc.tex
Capitolo 2.
<images//circuits/vfc110_internal.png, id=151, 299.80005pt x 174.05025pt>
File: images//circuits/vfc110_internal.png Graphic file (type png)
<use images//circuits/vfc110_internal.png>
Package pdftex.def Info: images//circuits/vfc110_internal.png  used on input line 35.
(pdftex.def)             Requested size: 299.7993pt x 174.0498pt.
[17




 <./images//circuits/vfc110_internal.png>]
<images//graphs/integrator_behaviour.png, id=156, 179.9523pt x 173.448pt>
File: images//graphs/integrator_behaviour.png Graphic file (type png)
<use images//graphs/integrator_behaviour.png>
Package pdftex.def Info: images//graphs/integrator_behaviour.png  used on input line 51.
(pdftex.def)             Requested size: 179.95184pt x 173.44757pt.
<images//circuits/VFC_circuit.png, id=157, 148.99664pt x 147.9126pt>
File: images//circuits/VFC_circuit.png Graphic file (type png)
<use images//circuits/VFC_circuit.png>
Package pdftex.def Info: images//circuits/VFC_circuit.png  used on input line 63.
(pdftex.def)             Requested size: 148.99626pt x 147.91223pt.
 [18 <./images//graphs/integrator_behaviour.png> <./images//circuits/VFC_circuit.png>]
<images//block_diagrams/mis_VFC.png, id=164, 137.19255pt x 108.1641pt>
File: images//block_diagrams/mis_VFC.png Graphic file (type png)
<use images//block_diagrams/mis_VFC.png>
Package pdftex.def Info: images//block_diagrams/mis_VFC.png  used on input line 100.
(pdftex.def)             Requested size: 137.1922pt x 108.16382pt.
<images//acquisitions/VFC_1V.png, id=165, 1027.84pt x 770.88pt>
File: images//acquisitions/VFC_1V.png Graphic file (type png)
<use images//acquisitions/VFC_1V.png>
Package pdftex.def Info: images//acquisitions/VFC_1V.png  used on input line 118.
(pdftex.def)             Requested size: 205.56436pt x 154.17326pt.
<images//acquisitions/VFC_5V.png, id=166, 1027.84pt x 770.88pt>
File: images//acquisitions/VFC_5V.png Graphic file (type png)
<use images//acquisitions/VFC_5V.png>
Package pdftex.def Info: images//acquisitions/VFC_5V.png  used on input line 124.
(pdftex.def)             Requested size: 205.56436pt x 154.17326pt.
<images//acquisitions/VFC_10V.png, id=167, 1027.84pt x 770.88pt>
File: images//acquisitions/VFC_10V.png Graphic file (type png)
<use images//acquisitions/VFC_10V.png>
Package pdftex.def Info: images//acquisitions/VFC_10V.png  used on input line 130.
(pdftex.def)             Requested size: 205.56436pt x 154.17326pt.

Underfull \vbox (badness 10000) has occurred while \output is active []

 [19 <./images//block_diagrams/mis_VFC.png>]
PGFPlots: reading {./data/misure_vfc.csv}
PGFPlots: reading {./data/misure_vfc.csv}
PGFPlots: reading {./data/misure_vfc.csv}
PGFPlots: reading {./data/misure_vfc.csv}

Underfull \vbox (badness 10000) has occurred while \output is active []

 [20 <./images//acquisitions/VFC_1V.png (PNG copy)> <./images//acquisitions/VFC_5V.png (PNG copy)> <./images//acquisitions/VFC_10V.png (PNG copy)>]) [21]
\openout2 = `chapters/ch03-interfaccia_ingresso.aux'.

 (chapters/ch03-interfaccia_ingresso.tex
Capitolo 3.
<images//circuits/single_transistor_circuit.png, id=179, 49.50494pt x 52.0344pt>
File: images//circuits/single_transistor_circuit.png Graphic file (type png)
<use images//circuits/single_transistor_circuit.png>
Package pdftex.def Info: images//circuits/single_transistor_circuit.png  used on input line 33.
(pdftex.def)             Requested size: 49.5048pt x 52.03426pt.
<images//circuits/differential_pair_circuit.png, id=180, 86.4831pt x 52.0344pt>
File: images//circuits/differential_pair_circuit.png Graphic file (type png)
<use images//circuits/differential_pair_circuit.png>
Package pdftex.def Info: images//circuits/differential_pair_circuit.png  used on input line 46.
(pdftex.def)             Requested size: 86.48286pt x 52.03426pt.
[22




 <./images//circuits/single_transistor_circuit.png> <./images//circuits/differential_pair_circuit.png>]
<images//circuits/exponential_converter_circuit.png, id=188, 347.98006pt x 185.2521pt>
File: images//circuits/exponential_converter_circuit.png Graphic file (type png)
<use images//circuits/exponential_converter_circuit.png>
Package pdftex.def Info: images//circuits/exponential_converter_circuit.png  used on input line 101.
(pdftex.def)             Requested size: 347.97919pt x 185.25165pt.

Underfull \vbox (badness 10000) has occurred while \output is active []

 [23] [24 <./images//circuits/exponential_converter_circuit.png>]
<images//circuits/Rtot_circuit.png, id=198, 85.0377pt x 111.2958pt>
File: images//circuits/Rtot_circuit.png Graphic file (type png)
<use images//circuits/Rtot_circuit.png>
Package pdftex.def Info: images//circuits/Rtot_circuit.png  used on input line 209.
(pdftex.def)             Requested size: 85.03748pt x 111.29552pt.
 [25]
<images//circuits/complete_exponential_converter_circuit.png, id=203, 347.98006pt x 196.21304pt>
File: images//circuits/complete_exponential_converter_circuit.png Graphic file (type png)
<use images//circuits/complete_exponential_converter_circuit.png>
Package pdftex.def Info: images//circuits/complete_exponential_converter_circuit.png  used on input line 235.
(pdftex.def)             Requested size: 347.97919pt x 196.21255pt.

Underfull \vbox (badness 1371) has occurred while \output is active []

 [26 <./images//circuits/Rtot_circuit.png> <./images//circuits/complete_exponential_converter_circuit.png>]) [27]
\openout2 = `chapters/ch04-selezione_modalità.aux'.

 (chapters/ch04-selezione_modalità.tex
Capitolo 4.
) [28




]
\openout2 = `chapters/ch05-segnali_secondari.aux'.

 (chapters/ch05-segnali_secondari.tex
Capitolo 5.
) [29




]
\openout2 = `chapters/ch06-interfaccia_uscita.aux'.

 (chapters/ch06-interfaccia_uscita.tex
Capitolo 6.
) [30




]
\openout2 = `chapters/ch07-protezione_circuito.aux'.

 (chapters/ch07-protezione_circuito.tex
Capitolo 7.
) [31




]
\openout2 = `chapters/ch08-suddivisione_schede.aux'.

 (chapters/ch08-suddivisione_schede.tex
Capitolo 8.
) [32




]
\openout2 = `chapters/ch09-conclusioni.aux'.

 (chapters/ch09-conclusioni.tex) [33




] [34



] [35] (main.aux (chapters/ch00-introduzione.aux) (chapters/ch01-segnali_principali.aux) (chapters/ch02-vfc.aux) (chapters/ch03-interfaccia_ingresso.aux) (chapters/ch04-selezione_modalità.aux) (chapters/ch05-segnali_secondari.aux) (chapters/ch06-interfaccia_uscita.aux) (chapters/ch07-protezione_circuito.aux) (chapters/ch08-suddivisione_schede.aux) (chapters/ch09-conclusioni.aux))
Package logreq Info: Writing requests to 'main.run.xml'.
\openout1 = `main.run.xml'.

 ) 
Here is how much of TeX's memory you used:
 41645 strings out of 478552
 1041153 string characters out of 2841938
 1893542 words of memory out of 3000000
 59164 multiletter control sequences out of 15000+600000
 487921 words of font info for 64 fonts, out of 8000000 for 9000
 1141 hyphenation exceptions out of 8191
 84i,21n,84p,1256b,2405s stack positions out of 10000i,1000n,20000p,200000b,80000s
{C:/Users/gotta/AppData/Local/Programs/MiKTeX/fonts/enc/dvips/base/8r.enc}<C:/Users/gotta/AppData/Local/Programs/MiKTeX/fonts/type1/public/amsfonts/cm/cmex10.pfb><C:/Users/gotta/AppData/Local/Programs/MiKTeX/fonts/type1/public/amsfonts/cmextra/cmex8.pfb><C:/Users/gotta/AppData/Local/Programs/MiKTeX/fonts/type1/public/amsfonts/cm/cmmi10.pfb><C:/Users/gotta/AppData/Local/Programs/MiKTeX/fonts/type1/public/amsfonts/cm/cmmi12.pfb><C:/Users/gotta/AppData/Local/Programs/MiKTeX/fonts/type1/public/amsfonts/cm/cmmi6.pfb><C:/Users/gotta/AppData/Local/Programs/MiKTeX/fonts/type1/public/amsfonts/cm/cmmi8.pfb><C:/Users/gotta/AppData/Local/Programs/MiKTeX/fonts/type1/public/amsfonts/cm/cmr10.pfb><C:/Users/gotta/AppData/Local/Programs/MiKTeX/fonts/type1/public/amsfonts/cm/cmr12.pfb><C:/Users/gotta/AppData/Local/Programs/MiKTeX/fonts/type1/public/amsfonts/cm/cmr6.pfb><C:/Users/gotta/AppData/Local/Programs/MiKTeX/fonts/type1/public/amsfonts/cm/cmr8.pfb><C:/Users/gotta/AppData/Local/Programs/MiKTeX/fonts/type1/public/amsfonts/cm/cmsy10.pfb><C:/Users/gotta/AppData/Local/Programs/MiKTeX/fonts/type1/public/amsfonts/cm/cmsy6.pfb><C:/Users/gotta/AppData/Local/Programs/MiKTeX/fonts/type1/public/amsfonts/cm/cmsy8.pfb><C:/Users/gotta/AppData/Local/Programs/MiKTeX/fonts/type1/urw/times/utmb8a.pfb><C:/Users/gotta/AppData/Local/Programs/MiKTeX/fonts/type1/urw/times/utmr8a.pfb><C:/Users/gotta/AppData/Local/Programs/MiKTeX/fonts/type1/urw/times/utmri8a.pfb>
Output written on main.pdf (35 pages, 2032970 bytes).
PDF statistics:
 305 PDF objects out of 1000 (max. 8388607)
 0 named destinations out of 1000 (max. 500000)
 203 words of extra memory for PDF output out of 10000 (max. 10000000)

